# JRE version: OpenJDK Runtime Environment Temurin-21.0.9+10 (21.0.9+10) (build 21.0.9+10-LTS)
# Java VM: OpenJDK 64-Bit Server VM Temurin-21.0.9+10 (21.0.9+10-LTS, mixed mode, sharing, tiered, compressed oops, compressed class ptrs, parallel gc, windows-amd64)
GC Precious Log:
 CardTable entry size: 512
 CPUs: 8 total, 8 available
 Memory: 8051M
 Large Page Support: Disabled
 NUMA Support: Disabled
 Compressed Oops: Enabled (32-bit)
 Alignments: Space 512K, Generation 512K, Heap 2M
 Heap Min Capacity: 100M
 Heap Initial Capacity: 100M
 Heap Max Capacity: 2G
 Pre-touch: Disabled
 Parallel Workers: 8
Heap:
 PSYoungGen      total 22528K, used 20613K [0x00000000d5580000, 0x00000000d6f80000, 0x0000000100000000)
  eden space 22016K, 92% used [0x00000000d5580000,0x00000000d695d730,0x00000000d6b00000)
  from space 512K, 53% used [0x00000000d6f00000,0x00000000d6f44010,0x00000000d6f80000)
  to   space 512K, 0% used [0x00000000d6e80000,0x00000000d6e80000,0x00000000d6f00000)
 ParOldGen       total 68608K, used 27093K [0x0000000080000000, 0x0000000084300000, 0x00000000d5580000)
  object space 68608K, 39% used [0x0000000080000000,0x0000000081a757d8,0x0000000084300000)
 Metaspace       used 52821K, committed 53888K, reserved 1114112K
  class space    used 5864K, committed 6336K, reserved 1048576K
GC Heap History (20 events):
Event: 788.527 GC heap before
{Heap before GC invocations=29 (full 2):
 PSYoungGen      total 22528K, used 22320K [0x00000000d5580000, 0x00000000d6f80000, 0x0000000100000000)
  eden space 22016K, 100% used [0x00000000d5580000,0x00000000d6b00000,0x00000000d6b00000)
  from space 512K, 59% used [0x00000000d6f00000,0x00000000d6f4c010,0x00000000d6f80000)
  to   space 512K, 0% used [0x00000000d6e80000,0x00000000d6e80000,0x00000000d6f00000)
 ParOldGen       total 68608K, used 26385K [0x0000000080000000, 0x0000000084300000, 0x00000000d5580000)
  object space 68608K, 38% used [0x0000000080000000,0x00000000819c4708,0x0000000084300000)
 Metaspace       used 52686K, committed 53760K, reserved 1114112K
  class space    used 5862K, committed 6336K, reserved 1048576K
}
Event: 788.529 GC heap after
{Heap after GC invocations=29 (full 2):
 PSYoungGen      total 22528K, used 160K [0x00000000d5580000, 0x00000000d6f80000, 0x0000000100000000)
  eden space 22016K, 0% used [0x00000000d5580000,0x00000000d5580000,0x00000000d6b00000)
  from space 512K, 31% used [0x00000000d6e80000,0x00000000d6ea8000,0x00000000d6f00000)
  to   space 512K, 0% used [0x00000000d6f00000,0x00000000d6f00000,0x00000000d6f80000)
 ParOldGen       total 68608K, used 26433K [0x0000000080000000, 0x0000000084300000, 0x00000000d5580000)
  object space 68608K, 38% used [0x0000000080000000,0x00000000819d0708,0x0000000084300000)
 Metaspace       used 52686K, committed 53760K, reserved 1114112K
  class space    used 5862K, committed 6336K, reserved 1048576K
}
Event: 789.180 GC heap before
{Heap before GC invocations=30 (full 2):
 PSYoungGen      total 22528K, used 22176K [0x00000000d5580000, 0x00000000d6f80000, 0x0000000100000000)
  eden space 22016K, 100% used [0x00000000d5580000,0x00000000d6b00000,0x00000000d6b00000)
  from space 512K, 31% used [0x00000000d6e80000,0x00000000d6ea8000,0x00000000d6f00000)
  to   space 512K, 0% used [0x00000000d6f00000,0x00000000d6f00000,0x00000000d6f80000)
 ParOldGen       total 68608K, used 26433K [0x0000000080000000, 0x0000000084300000, 0x00000000d5580000)
  object space 68608K, 38% used [0x0000000080000000,0x00000000819d0708,0x0000000084300000)
 Metaspace       used 52702K, committed 53760K, reserved 1114112K
  class space    used 5862K, committed 6336K, reserved 1048576K
}
Event: 789.181 GC heap after
{Heap after GC invocations=30 (full 2):
 PSYoungGen      total 22528K, used 240K [0x00000000d5580000, 0x00000000d6f80000, 0x0000000100000000)
  eden space 22016K, 0% used [0x00000000d5580000,0x00000000d5580000,0x00000000d6b00000)
  from space 512K, 46% used [0x00000000d6f00000,0x00000000d6f3c010,0x00000000d6f80000)
  to   space 512K, 0% used [0x00000000d6e80000,0x00000000d6e80000,0x00000000d6f00000)
 ParOldGen       total 68608K, used 26505K [0x0000000080000000, 0x0000000084300000, 0x00000000d5580000)
  object space 68608K, 38% used [0x0000000080000000,0x00000000819e2718,0x0000000084300000)
 Metaspace       used 52702K, committed 53760K, reserved 1114112K
  class space    used 5862K, committed 6336K, reserved 1048576K
}
Event: 789.745 GC heap before
{Heap before GC invocations=31 (full 2):
 PSYoungGen      total 22528K, used 22256K [0x00000000d5580000, 0x00000000d6f80000, 0x0000000100000000)
  eden space 22016K, 100% used [0x00000000d5580000,0x00000000d6b00000,0x00000000d6b00000)
  from space 512K, 46% used [0x00000000d6f00000,0x00000000d6f3c010,0x00000000d6f80000)
  to   space 512K, 0% used [0x00000000d6e80000,0x00000000d6e80000,0x00000000d6f00000)
 ParOldGen       total 68608K, used 26505K [0x0000000080000000, 0x0000000084300000, 0x00000000d5580000)
  object space 68608K, 38% used [0x0000000080000000,0x00000000819e2718,0x0000000084300000)
 Metaspace       used 52709K, committed 53760K, reserved 1114112K
  class space    used 5862K, committed 6336K, reserved 1048576K
}
Event: 789.746 GC heap after
{Heap after GC invocations=31 (full 2):
 PSYoungGen      total 22528K, used 240K [0x00000000d5580000, 0x00000000d6f80000, 0x0000000100000000)
  eden space 22016K, 0% used [0x00000000d5580000,0x00000000d5580000,0x00000000d6b00000)
  from space 512K, 46% used [0x00000000d6e80000,0x00000000d6ebc010,0x00000000d6f00000)
  to   space 512K, 0% used [0x00000000d6f00000,0x00000000d6f00000,0x00000000d6f80000)
 ParOldGen       total 68608K, used 26593K [0x0000000080000000, 0x0000000084300000, 0x00000000d5580000)
  object space 68608K, 38% used [0x0000000080000000,0x00000000819f8738,0x0000000084300000)
 Metaspace       used 52709K, committed 53760K, reserved 1114112K
  class space    used 5862K, committed 6336K, reserved 1048576K
}
Event: 790.233 GC heap before
{Heap before GC invocations=32 (full 2):
 PSYoungGen      total 22528K, used 22256K [0x00000000d5580000, 0x00000000d6f80000, 0x0000000100000000)
  eden space 22016K, 100% used [0x00000000d5580000,0x00000000d6b00000,0x00000000d6b00000)
  from space 512K, 46% used [0x00000000d6e80000,0x00000000d6ebc010,0x00000000d6f00000)
  to   space 512K, 0% used [0x00000000d6f00000,0x00000000d6f00000,0x00000000d6f80000)
 ParOldGen       total 68608K, used 26593K [0x0000000080000000, 0x0000000084300000, 0x00000000d5580000)
  object space 68608K, 38% used [0x0000000080000000,0x00000000819f8738,0x0000000084300000)
 Metaspace       used 52715K, committed 53760K, reserved 1114112K
  class space    used 5863K, committed 6336K, reserved 1048576K
}
Event: 790.235 GC heap after
{Heap after GC invocations=32 (full 2):
 PSYoungGen      total 22528K, used 208K [0x00000000d5580000, 0x00000000d6f80000, 0x0000000100000000)
  eden space 22016K, 0% used [0x00000000d5580000,0x00000000d5580000,0x00000000d6b00000)
  from space 512K, 40% used [0x00000000d6f00000,0x00000000d6f34010,0x00000000d6f80000)
  to   space 512K, 0% used [0x00000000d6e80000,0x00000000d6e80000,0x00000000d6f00000)
 ParOldGen       total 68608K, used 26649K [0x0000000080000000, 0x0000000084300000, 0x00000000d5580000)
  object space 68608K, 38% used [0x0000000080000000,0x0000000081a06738,0x0000000084300000)
 Metaspace       used 52715K, committed 53760K, reserved 1114112K
  class space    used 5863K, committed 6336K, reserved 1048576K
}
Event: 790.699 GC heap before
{Heap before GC invocations=33 (full 2):
 PSYoungGen      total 22528K, used 22224K [0x00000000d5580000, 0x00000000d6f80000, 0x0000000100000000)
  eden space 22016K, 100% used [0x00000000d5580000,0x00000000d6b00000,0x00000000d6b00000)
  from space 512K, 40% used [0x00000000d6f00000,0x00000000d6f34010,0x00000000d6f80000)
  to   space 512K, 0% used [0x00000000d6e80000,0x00000000d6e80000,0x00000000d6f00000)
 ParOldGen       total 68608K, used 26649K [0x0000000080000000, 0x0000000084300000, 0x00000000d5580000)
  object space 68608K, 38% used [0x0000000080000000,0x0000000081a06738,0x0000000084300000)
 Metaspace       used 52725K, committed 53824K, reserved 1114112K
  class space    used 5863K, committed 6336K, reserved 1048576K
}
Event: 790.702 GC heap after
{Heap after GC invocations=33 (full 2):
 PSYoungGen      total 22528K, used 256K [0x00000000d5580000, 0x00000000d6f80000, 0x0000000100000000)
  eden space 22016K, 0% used [0x00000000d5580000,0x00000000d5580000,0x00000000d6b00000)
  from space 512K, 50% used [0x00000000d6e80000,0x00000000d6ec0000,0x00000000d6f00000)
  to   space 512K, 0% used [0x00000000d6f00000,0x00000000d6f00000,0x00000000d6f80000)
 ParOldGen       total 68608K, used 26729K [0x0000000080000000, 0x0000000084300000, 0x00000000d5580000)
  object space 68608K, 38% used [0x0000000080000000,0x0000000081a1a748,0x0000000084300000)
 Metaspace       used 52725K, committed 53824K, reserved 1114112K
  class space    used 5863K, committed 6336K, reserved 1048576K
}
Event: 791.171 GC heap before
{Heap before GC invocations=34 (full 2):
 PSYoungGen      total 22528K, used 22272K [0x00000000d5580000, 0x00000000d6f80000, 0x0000000100000000)
  eden space 22016K, 100% used [0x00000000d5580000,0x00000000d6b00000,0x00000000d6b00000)
  from space 512K, 50% used [0x00000000d6e80000,0x00000000d6ec0000,0x00000000d6f00000)
  to   space 512K, 0% used [0x00000000d6f00000,0x00000000d6f00000,0x00000000d6f80000)
 ParOldGen       total 68608K, used 26729K [0x0000000080000000, 0x0000000084300000, 0x00000000d5580000)
  object space 68608K, 38% used [0x0000000080000000,0x0000000081a1a748,0x0000000084300000)
 Metaspace       used 52743K, committed 53824K, reserved 1114112K
  class space    used 5863K, committed 6336K, reserved 1048576K
}
Event: 791.172 GC heap after
{Heap after GC invocations=34 (full 2):
 PSYoungGen      total 22528K, used 384K [0x00000000d5580000, 0x00000000d6f80000, 0x0000000100000000)
  eden space 22016K, 0% used [0x00000000d5580000,0x00000000d5580000,0x00000000d6b00000)
  from space 512K, 75% used [0x00000000d6f00000,0x00000000d6f60000,0x00000000d6f80000)
  to   space 512K, 0% used [0x00000000d6e80000,0x00000000d6e80000,0x00000000d6f00000)
 ParOldGen       total 68608K, used 26769K [0x0000000080000000, 0x0000000084300000, 0x00000000d5580000)
  object space 68608K, 39% used [0x0000000080000000,0x0000000081a24748,0x0000000084300000)
 Metaspace       used 52743K, committed 53824K, reserved 1114112K
  class space    used 5863K, committed 6336K, reserved 1048576K
}
Event: 791.655 GC heap before
{Heap before GC invocations=35 (full 2):
 PSYoungGen      total 22528K, used 22400K [0x00000000d5580000, 0x00000000d6f80000, 0x0000000100000000)
  eden space 22016K, 100% used [0x00000000d5580000,0x00000000d6b00000,0x00000000d6b00000)
  from space 512K, 75% used [0x00000000d6f00000,0x00000000d6f60000,0x00000000d6f80000)
  to   space 512K, 0% used [0x00000000d6e80000,0x00000000d6e80000,0x00000000d6f00000)
 ParOldGen       total 68608K, used 26769K [0x0000000080000000, 0x0000000084300000, 0x00000000d5580000)
  object space 68608K, 39% used [0x0000000080000000,0x0000000081a24748,0x0000000084300000)
 Metaspace       used 52758K, committed 53824K, reserved 1114112K
  class space    used 5863K, committed 6336K, reserved 1048576K
}
Event: 791.657 GC heap after
{Heap after GC invocations=35 (full 2):
 PSYoungGen      total 22528K, used 192K [0x00000000d5580000, 0x00000000d6f80000, 0x0000000100000000)
  eden space 22016K, 0% used [0x00000000d5580000,0x00000000d5580000,0x00000000d6b00000)
  from space 512K, 37% used [0x00000000d6e80000,0x00000000d6eb0000,0x00000000d6f00000)
  to   space 512K, 0% used [0x00000000d6f00000,0x00000000d6f00000,0x00000000d6f80000)
 ParOldGen       total 68608K, used 26897K [0x0000000080000000, 0x0000000084300000, 0x00000000d5580000)
  object space 68608K, 39% used [0x0000000080000000,0x0000000081a44798,0x0000000084300000)
 Metaspace       used 52758K, committed 53824K, reserved 1114112K
  class space    used 5863K, committed 6336K, reserved 1048576K
}
Event: 792.128 GC heap before
{Heap before GC invocations=36 (full 2):
 PSYoungGen      total 22528K, used 22208K [0x00000000d5580000, 0x00000000d6f80000, 0x0000000100000000)
  eden space 22016K, 100% used [0x00000000d5580000,0x00000000d6b00000,0x00000000d6b00000)
  from space 512K, 37% used [0x00000000d6e80000,0x00000000d6eb0000,0x00000000d6f00000)
  to   space 512K, 0% used [0x00000000d6f00000,0x00000000d6f00000,0x00000000d6f80000)
 ParOldGen       total 68608K, used 26897K [0x0000000080000000, 0x0000000084300000, 0x00000000d5580000)
  object space 68608K, 39% used [0x0000000080000000,0x0000000081a44798,0x0000000084300000)
 Metaspace       used 52771K, committed 53824K, reserved 1114112K
  class space    used 5863K, committed 6336K, reserved 1048576K
}
Event: 792.130 GC heap after
{Heap after GC invocations=36 (full 2):
 PSYoungGen      total 22528K, used 176K [0x00000000d5580000, 0x00000000d6f80000, 0x0000000100000000)
  eden space 22016K, 0% used [0x00000000d5580000,0x00000000d5580000,0x00000000d6b00000)
  from space 512K, 34% used [0x00000000d6f00000,0x00000000d6f2c010,0x00000000d6f80000)
  to   space 512K, 0% used [0x00000000d6e80000,0x00000000d6e80000,0x00000000d6f00000)
 ParOldGen       total 68608K, used 26961K [0x0000000080000000, 0x0000000084300000, 0x00000000d5580000)
  object space 68608K, 39% used [0x0000000080000000,0x0000000081a547a8,0x0000000084300000)
 Metaspace       used 52771K, committed 53824K, reserved 1114112K
  class space    used 5863K, committed 6336K, reserved 1048576K
}
Event: 792.712 GC heap before
{Heap before GC invocations=37 (full 2):
 PSYoungGen      total 22528K, used 22192K [0x00000000d5580000, 0x00000000d6f80000, 0x0000000100000000)
  eden space 22016K, 100% used [0x00000000d5580000,0x00000000d6b00000,0x00000000d6b00000)
  from space 512K, 34% used [0x00000000d6f00000,0x00000000d6f2c010,0x00000000d6f80000)
  to   space 512K, 0% used [0x00000000d6e80000,0x00000000d6e80000,0x00000000d6f00000)
 ParOldGen       total 68608K, used 26961K [0x0000000080000000, 0x0000000084300000, 0x00000000d5580000)
  object space 68608K, 39% used [0x0000000080000000,0x0000000081a547a8,0x0000000084300000)
 Metaspace       used 52793K, committed 53888K, reserved 1114112K
  class space    used 5863K, committed 6336K, reserved 1048576K
}
Event: 792.713 GC heap after
{Heap after GC invocations=37 (full 2):
 PSYoungGen      total 22528K, used 224K [0x00000000d5580000, 0x00000000d6f80000, 0x0000000100000000)
  eden space 22016K, 0% used [0x00000000d5580000,0x00000000d5580000,0x00000000d6b00000)
  from space 512K, 43% used [0x00000000d6e80000,0x00000000d6eb8000,0x00000000d6f00000)
  to   space 512K, 0% used [0x00000000d6f00000,0x00000000d6f00000,0x00000000d6f80000)
 ParOldGen       total 68608K, used 27037K [0x0000000080000000, 0x0000000084300000, 0x00000000d5580000)
  object space 68608K, 39% used [0x0000000080000000,0x0000000081a677d8,0x0000000084300000)
 Metaspace       used 52793K, committed 53888K, reserved 1114112K
  class space    used 5863K, committed 6336K, reserved 1048576K
}
Event: 793.181 GC heap before
{Heap before GC invocations=38 (full 2):
 PSYoungGen      total 22528K, used 22240K [0x00000000d5580000, 0x00000000d6f80000, 0x0000000100000000)
  eden space 22016K, 100% used [0x00000000d5580000,0x00000000d6b00000,0x00000000d6b00000)
  from space 512K, 43% used [0x00000000d6e80000,0x00000000d6eb8000,0x00000000d6f00000)
  to   space 512K, 0% used [0x00000000d6f00000,0x00000000d6f00000,0x00000000d6f80000)
 ParOldGen       total 68608K, used 27037K [0x0000000080000000, 0x0000000084300000, 0x00000000d5580000)
  object space 68608K, 39% used [0x0000000080000000,0x0000000081a677d8,0x0000000084300000)
 Metaspace       used 52803K, committed 53888K, reserved 1114112K
  class space    used 5863K, committed 6336K, reserved 1048576K
}
Event: 793.182 GC heap after
{Heap after GC invocations=38 (full 2):
 PSYoungGen      total 22528K, used 272K [0x00000000d5580000, 0x00000000d6f80000, 0x0000000100000000)
  eden space 22016K, 0% used [0x00000000d5580000,0x00000000d5580000,0x00000000d6b00000)
  from space 512K, 53% used [0x00000000d6f00000,0x00000000d6f44010,0x00000000d6f80000)
  to   space 512K, 0% used [0x00000000d6e80000,0x00000000d6e80000,0x00000000d6f00000)
 ParOldGen       total 68608K, used 27093K [0x0000000080000000, 0x0000000084300000, 0x00000000d5580000)
  object space 68608K, 39% used [0x0000000080000000,0x0000000081a757d8,0x0000000084300000)
 Metaspace       used 52803K, committed 53888K, reserved 1114112K
  class space    used 5863K, committed 6336K, reserved 1048576K
}

